# This file contains information about inputs as read by the program

 Population size = 20
 Number of generations = 200
 Number of objective functions = 2
 Number of constraints = 0
 Number of real variables = 30
 Lower limit of real variable 1 = 0.000000e+00
 Upper limit of real variable 1 = 1.000000e+00
 Lower limit of real variable 2 = 0.000000e+00
 Upper limit of real variable 2 = 1.000000e+00
 Lower limit of real variable 3 = 0.000000e+00
 Upper limit of real variable 3 = 1.000000e+00
 Lower limit of real variable 4 = 0.000000e+00
 Upper limit of real variable 4 = 1.000000e+00
 Lower limit of real variable 5 = 0.000000e+00
 Upper limit of real variable 5 = 1.000000e+00
 Lower limit of real variable 6 = 0.000000e+00
 Upper limit of real variable 6 = 1.000000e+00
 Lower limit of real variable 7 = 0.000000e+00
 Upper limit of real variable 7 = 1.000000e+00
 Lower limit of real variable 8 = 0.000000e+00
 Upper limit of real variable 8 = 1.000000e+00
 Lower limit of real variable 9 = 0.000000e+00
 Upper limit of real variable 9 = 1.000000e+00
 Lower limit of real variable 10 = 0.000000e+00
 Upper limit of real variable 10 = 1.000000e+00
 Lower limit of real variable 11 = 0.000000e+00
 Upper limit of real variable 11 = 1.000000e+00
 Lower limit of real variable 12 = 0.000000e+00
 Upper limit of real variable 12 = 1.000000e+00
 Lower limit of real variable 13 = 0.000000e+00
 Upper limit of real variable 13 = 1.000000e+00
 Lower limit of real variable 14 = 0.000000e+00
 Upper limit of real variable 14 = 1.000000e+00
 Lower limit of real variable 15 = 0.000000e+00
 Upper limit of real variable 15 = 1.000000e+00
 Lower limit of real variable 16 = 0.000000e+00
 Upper limit of real variable 16 = 1.000000e+00
 Lower limit of real variable 17 = 0.000000e+00
 Upper limit of real variable 17 = 1.000000e+00
 Lower limit of real variable 18 = 0.000000e+00
 Upper limit of real variable 18 = 1.000000e+00
 Lower limit of real variable 19 = 0.000000e+00
 Upper limit of real variable 19 = 1.000000e+00
 Lower limit of real variable 20 = 0.000000e+00
 Upper limit of real variable 20 = 1.000000e+00
 Lower limit of real variable 21 = 0.000000e+00
 Upper limit of real variable 21 = 1.000000e+00
 Lower limit of real variable 22 = 0.000000e+00
 Upper limit of real variable 22 = 1.000000e+00
 Lower limit of real variable 23 = 0.000000e+00
 Upper limit of real variable 23 = 1.000000e+00
 Lower limit of real variable 24 = 0.000000e+00
 Upper limit of real variable 24 = 1.000000e+00
 Lower limit of real variable 25 = 0.000000e+00
 Upper limit of real variable 25 = 1.000000e+00
 Lower limit of real variable 26 = 0.000000e+00
 Upper limit of real variable 26 = 1.000000e+00
 Lower limit of real variable 27 = 0.000000e+00
 Upper limit of real variable 27 = 1.000000e+00
 Lower limit of real variable 28 = 0.000000e+00
 Upper limit of real variable 28 = 1.000000e+00
 Lower limit of real variable 29 = 0.000000e+00
 Upper limit of real variable 29 = 1.000000e+00
 Lower limit of real variable 30 = 0.000000e+00
 Upper limit of real variable 30 = 1.000000e+00
 Probability of crossover of real variable = 9.000000e-01
 Probability of mutation of real variable = 3.300000e-02
 Distribution index for crossover = 1.500000e+01
 Distribution index for mutation = 2.000000e+01
 Number of binary variables = 0
 Seed for random number generator = 5.000000e-01
 Number of crossover of real variable = 1804
 Number of mutation of real variable = 3869