# This file contains information about inputs as read by the program

 Population size = 100
 Number of generations = 300
 Number of objective functions = 2
 Number of constraints = 0
 Number of real variables = 0
 Number of binary variables = 11
 Number of bits for binary variable 1 = 30
 Lower limit of binary variable 1 = 0.000000e+00
 Upper limit of binary variable 1 = 3.000000e+01
 Number of bits for binary variable 2 = 5
 Lower limit of binary variable 2 = 0.000000e+00
 Upper limit of binary variable 2 = 5.000000e+00
 Number of bits for binary variable 3 = 5
 Lower limit of binary variable 3 = 0.000000e+00
 Upper limit of binary variable 3 = 5.000000e+00
 Number of bits for binary variable 4 = 5
 Lower limit of binary variable 4 = 0.000000e+00
 Upper limit of binary variable 4 = 5.000000e+00
 Number of bits for binary variable 5 = 5
 Lower limit of binary variable 5 = 0.000000e+00
 Upper limit of binary variable 5 = 5.000000e+00
 Number of bits for binary variable 6 = 5
 Lower limit of binary variable 6 = 0.000000e+00
 Upper limit of binary variable 6 = 5.000000e+00
 Number of bits for binary variable 7 = 5
 Lower limit of binary variable 7 = 0.000000e+00
 Upper limit of binary variable 7 = 5.000000e+00
 Number of bits for binary variable 8 = 5
 Lower limit of binary variable 8 = 0.000000e+00
 Upper limit of binary variable 8 = 5.000000e+00
 Number of bits for binary variable 9 = 5
 Lower limit of binary variable 9 = 0.000000e+00
 Upper limit of binary variable 9 = 5.000000e+00
 Number of bits for binary variable 10 = 5
 Lower limit of binary variable 10 = 0.000000e+00
 Upper limit of binary variable 10 = 5.000000e+00
 Number of bits for binary variable 11 = 5
 Lower limit of binary variable 11 = 0.000000e+00
 Upper limit of binary variable 11 = 5.000000e+00
 Probability of crossover of binary variable = 9.000000e-01
 Probability of mutation of binary variable = 1.250000e-02
 Seed for random number generator = 5.000000e-01
 Number of crossover of binary variable = 148115
 Number of mutation of binary variable = 30199